For /Users/makurek/francinette/tests/printf/printfTester/tests/p_test.cpp:
33: 	TEST(9, print(" %p %p ", 0, 0));

For /Users/makurek/francinette/tests/printf/printfTester/tests/minus_test.cpp:
26: 	TEST(2, print(" %-2c ", '0'));
27: 	TEST(3, print(" %-3c", '0' - 256));
28: 	TEST(4, print("%-4c ", '0' + 256));
29: 	TEST(5, print(" %-1c %-2c %-3c ", '0', 0, '1'));
30: 	TEST(6, print(" %-1c %-2c %-3c ", ' ', ' ', ' '));
31: 	TEST(7, print(" %-1c %-2c %-3c ", '1', '2', '3'));
32: 	TEST(8, print(" %-1c %-2c %-3c ", '2', '1', 0));
33: 	TEST(9, print(" %-1c %-2c %-3c ", 0, '1', '2'));
35: 	TEST(10, print("%1s", ""));
36: 	TEST(11, print("%-1s", ""));
37: 	TEST(12, print(" %-2s", ""));
38: 	TEST(13, print("%-3s ", ""));
41: 	TEST(16, print(" %-1s %-2s ", "", "-"));
42: 	TEST(17, print(" %-3s %-4s ", " - ", ""));
43: 	TEST(18, print(" %-2s %-3s %-4s %-5s ", " - ", "", "4", ""));
44: 	TEST(19, print(" %-3s %-3s %-4s %-5s %-3s ", " - ", "", "4", "", "2 "));
55: 	TEST(29, print(" %-1p %-2p ", 0, 0));

For /Users/makurek/francinette/tests/printf/printfTester/tests/0_test.cpp:
39: 	TEST(15, print(" %04d ", -14));
40: 	TEST(16, print(" %05d ", -15));
41: 	TEST(17, print(" %06d ", -16));
47: 	TEST(23, print(" %011d ", LONG_MAX));
49: 	TEST(25, print(" %013d ", UINT_MAX));
50: 	TEST(26, print(" %014d ", ULONG_MAX));
51: 	TEST(27, print(" %015d ", 9223372036854775807LL));
52: 	TEST(28, print(" %09d %010d %011d %012d %013d %014d %015d", INT_MAX, INT_MIN, LONG_MAX, LONG_MIN, ULONG_MAX, 0, -42));
70: 	TEST(44, print(" %05i ", -15));
71: 	TEST(45, print(" %06i ", -16));
72: 	TEST(46, print(" %01i ", -99));
78: 	TEST(52, print(" %012i ", LONG_MIN));
80: 	TEST(54, print(" %014i ", ULONG_MAX));
81: 	TEST(55, print(" %015i ", 9223372036854775807LL));
82: 	TEST(56, print(" %09i %010i %011i %012i %013i %014i %015i", INT_MAX, INT_MIN, LONG_MAX, LONG_MIN, ULONG_MAX, 0, -42));
84: 	TEST(57, print(" %01u ", 0));

For /Users/makurek/francinette/tests/printf/printfTester/tests/space_test.cpp:
26: 	TEST(2, print(" % 1s", ""));
27: 	TEST(3, print("% 1s ", ""));

